time="2023-06-06T12:53:08+07:00" level=info msg="Set Up Log Started"
time="2023-06-06T12:53:08+07:00" level=fatal msg="Connection To DB Failed"
time="2023-06-06T12:58:36+07:00" level=info msg="Set Up Log Started"
time="2023-06-06T12:58:36+07:00" level=fatal msg="Connection To DB Failed"
time="2023-06-06T12:58:45+07:00" level=info msg="Set Up Log Started"
time="2023-06-06T12:58:45+07:00" level=fatal msg="Connection To DB Failed"
time="2023-06-06T13:05:51+07:00" level=info msg="Set Up Log Started"
time="2023-06-06T13:05:51+07:00" level=fatal msg="Connection To DB Failed"
time="2023-06-06T13:12:03+07:00" level=info msg="Set Up Log Started"
time="2023-06-06T13:12:03+07:00" level=fatal msg="Connection To DB Failed"
time="2023-06-06T13:14:22+07:00" level=info msg="Set Up Log Started"
time="2023-06-06T13:14:22+07:00" level=fatal msg="Connection To DB Failed"
time="2023-06-06T13:15:26+07:00" level=info msg="Set Up Log Started"
time="2023-06-06T13:15:26+07:00" level=fatal msg="Connection To DB Failed"
time="2023-06-06T13:16:47+07:00" level=info msg="Set Up Log Started"
time="2023-06-06T13:16:47+07:00" level=fatal msg="Connection To DB Failed"
time="2023-06-06T13:17:06+07:00" level=info msg="Set Up Log Started"
time="2023-06-06T13:17:06+07:00" level=fatal msg="Connection To DB Failed"
time="2023-06-06T13:17:54+07:00" level=info msg="Set Up Log Started"
time="2023-06-06T13:17:54+07:00" level=info msg="Connection to DB Successfully"
time="2023-06-06T13:17:54+07:00" level=info msg="Auto Migration Successfully"
time="2023-06-06T13:17:54+07:00" level=info msg="start listen and serve at localhost: 5001"
time="2023-06-06T13:20:01+07:00" level=info msg="Set Up Log Started"
time="2023-06-06T13:20:01+07:00" level=info msg="Connection to DB Successfully"
time="2023-06-06T13:20:02+07:00" level=info msg="Auto Migration Successfully"
time="2023-06-06T13:20:02+07:00" level=info msg="start listen and serve at localhost: 5001"
time="2023-06-06T13:37:25+07:00" level=info msg="Set Up Log Started"
time="2023-06-06T13:37:25+07:00" level=info msg="Connection to DB Successfully"
time="2023-06-06T13:37:25+07:00" level=info msg="Auto Migration Successfully"
time="2023-06-06T13:37:25+07:00" level=info msg="start listen and serve at localhost: 5001"
time="2023-06-06T13:37:58+07:00" level=info msg="Set Up Log Started"
time="2023-06-06T13:37:58+07:00" level=info msg="Connection to DB Successfully"
time="2023-06-06T13:37:58+07:00" level=info msg="Auto Migration Successfully"
time="2023-06-06T13:37:58+07:00" level=info msg="start listen and serve at localhost: 5001"
time="2023-06-06T13:38:49+07:00" level=info msg="Set Up Log Started"
time="2023-06-06T13:38:49+07:00" level=info msg="Connection to DB Successfully"
time="2023-06-06T13:38:49+07:00" level=info msg="Auto Migration Successfully"
time="2023-06-06T13:38:49+07:00" level=info msg="start listen and serve at localhost: 5001"
time="2023-06-06T13:39:53+07:00" level=info msg="Set Up Log Started"
time="2023-06-06T13:39:53+07:00" level=info msg="Connection to DB Successfully"
time="2023-06-06T13:39:53+07:00" level=info msg="Auto Migration Successfully"
time="2023-06-06T13:39:53+07:00" level=info msg="start listen and serve at localhost: 5001"
time="2023-06-06T13:56:16+07:00" level=info msg="Set Up Log Started"
time="2023-06-06T13:56:16+07:00" level=info msg="Connection to DB Successfully"
time="2023-06-06T13:56:16+07:00" level=info msg="Auto Migration Successfully"
time="2023-06-06T13:56:16+07:00" level=info msg="start listen and serve at localhost: 5001"
time="2023-06-06T14:12:50+07:00" level=info msg="Set Up Log Started"
time="2023-06-06T14:12:50+07:00" level=info msg="Connection to DB Successfully"
time="2023-06-06T14:12:50+07:00" level=info msg="Auto Migration Successfully"
time="2023-06-06T14:12:50+07:00" level=info msg="start listen and serve at localhost: 5001"
time="2023-06-06T15:57:45+07:00" level=info msg="Set Up Log Started"
time="2023-06-06T15:57:45+07:00" level=info msg="Connection to DB Successfully"
time="2023-06-06T15:57:46+07:00" level=info msg="Auto Migration Successfully"
time="2023-06-06T15:57:46+07:00" level=info msg="start listen and serve at localhost: 5001"
time="2023-06-06T15:58:25+07:00" level=info msg="Set Up Log Started"
time="2023-06-06T15:58:26+07:00" level=info msg="Connection to DB Successfully"
time="2023-06-06T15:58:26+07:00" level=info msg="Auto Migration Successfully"
time="2023-06-06T15:58:26+07:00" level=info msg="start listen and serve at localhost: 5001"
time="2023-06-06T16:01:34+07:00" level=info msg="Set Up Log Started"
time="2023-06-06T16:01:34+07:00" level=info msg="Connection to DB Successfully"
time="2023-06-06T16:01:34+07:00" level=info msg="Auto Migration Successfully"
time="2023-06-06T16:01:34+07:00" level=info msg="start listen and serve at localhost: 5001"
time="2023-06-06T16:03:30+07:00" level=info msg="Set Up Log Started"
time="2023-06-06T16:03:30+07:00" level=info msg="Connection to DB Successfully"
time="2023-06-06T16:03:31+07:00" level=info msg="Auto Migration Successfully"
time="2023-06-06T16:03:31+07:00" level=info msg="start listen and serve at localhost: 5001"
time="2023-06-06T16:05:11+07:00" level=info msg="Set Up Log Started"
time="2023-06-06T16:05:11+07:00" level=info msg="Connection to DB Successfully"
time="2023-06-06T16:05:11+07:00" level=info msg="Auto Migration Successfully"
time="2023-06-06T16:05:11+07:00" level=info msg="start listen and serve at localhost: 5001"
time="2023-06-06T16:10:22+07:00" level=info msg="Set Up Log Started"
time="2023-06-06T16:10:22+07:00" level=info msg="Connection to DB Successfully"
time="2023-06-06T16:10:22+07:00" level=info msg="Auto Migration Successfully"
time="2023-06-06T16:10:22+07:00" level=info msg="start listen and serve at localhost: 5001"
time="2023-06-06T16:39:58+07:00" level=info msg="Set Up Log Started"
time="2023-06-06T16:39:58+07:00" level=info msg="Connection to DB Successfully"
time="2023-06-06T16:39:58+07:00" level=info msg="Auto Migration Successfully"
time="2023-06-06T16:39:58+07:00" level=info msg="start listen and serve at localhost: 5001"
time="2023-06-06T16:44:08+07:00" level=info msg="Set Up Log Started"
time="2023-06-06T16:44:08+07:00" level=info msg="Connection to DB Successfully"
time="2023-06-06T16:44:08+07:00" level=info msg="Auto Migration Successfully"
time="2023-06-06T16:44:08+07:00" level=info msg="start listen and serve at localhost: 5001"
time="2023-06-06T16:47:51+07:00" level=info msg="Set Up Log Started"
time="2023-06-06T16:47:51+07:00" level=info msg="Connection to DB Successfully"
time="2023-06-06T16:47:52+07:00" level=info msg="Auto Migration Successfully"
time="2023-06-06T16:47:52+07:00" level=info msg="start listen and serve at localhost: 5001"
time="2023-06-06T16:50:28+07:00" level=info msg="Set Up Log Started"
time="2023-06-06T16:50:28+07:00" level=info msg="Connection to DB Successfully"
time="2023-06-06T16:50:28+07:00" level=info msg="Auto Migration Successfully"
time="2023-06-06T16:50:28+07:00" level=info msg="start listen and serve at localhost: 5001"
time="2023-06-06T16:51:14+07:00" level=info msg="Set Up Log Started"
time="2023-06-06T16:51:14+07:00" level=info msg="Connection to DB Successfully"
time="2023-06-06T16:51:14+07:00" level=info msg="Auto Migration Successfully"
time="2023-06-06T16:51:14+07:00" level=info msg="start listen and serve at localhost: 5001"
time="2023-06-06T16:51:36+07:00" level=info msg="Set Up Log Started"
time="2023-06-06T16:51:36+07:00" level=info msg="Connection to DB Successfully"
time="2023-06-06T16:51:37+07:00" level=info msg="Auto Migration Successfully"
time="2023-06-06T16:51:37+07:00" level=info msg="start listen and serve at localhost: 5001"
time="2023-06-06T16:52:02+07:00" level=info msg="Set Up Log Started"
time="2023-06-06T16:52:02+07:00" level=info msg="Connection to DB Successfully"
time="2023-06-06T16:52:02+07:00" level=info msg="Auto Migration Successfully"
time="2023-06-06T16:52:02+07:00" level=info msg="start listen and serve at localhost: 5001"
time="2023-06-06T16:52:25+07:00" level=info msg="Set Up Log Started"
time="2023-06-06T16:52:25+07:00" level=info msg="Connection to DB Successfully"
time="2023-06-06T16:52:25+07:00" level=info msg="Auto Migration Successfully"
time="2023-06-06T16:52:25+07:00" level=info msg="start listen and serve at localhost: 5001"
time="2023-06-06T16:52:47+07:00" level=info msg="Set Up Log Started"
time="2023-06-06T16:52:47+07:00" level=info msg="Connection to DB Successfully"
time="2023-06-06T16:52:47+07:00" level=info msg="Auto Migration Successfully"
time="2023-06-06T16:52:47+07:00" level=info msg="start listen and serve at localhost: 5001"
time="2023-06-06T16:55:38+07:00" level=info msg="Set Up Log Started"
time="2023-06-06T16:55:38+07:00" level=info msg="Connection to DB Successfully"
time="2023-06-06T16:55:39+07:00" level=info msg="Auto Migration Successfully"
time="2023-06-06T16:55:39+07:00" level=info msg="start listen and serve at localhost: 5001"
time="2023-06-06T19:01:03+07:00" level=info msg="Set Up Log Started"
time="2023-06-06T19:01:03+07:00" level=info msg="Connection to DB Successfully"
time="2023-06-06T19:01:03+07:00" level=info msg="Auto Migration Successfully"
time="2023-06-06T19:01:03+07:00" level=info msg="start listen and serve at localhost: 5001"
time="2023-06-06T19:02:55+07:00" level=info msg="Set Up Log Started"
time="2023-06-06T19:02:55+07:00" level=info msg="Connection to DB Successfully"
time="2023-06-06T19:02:55+07:00" level=info msg="Auto Migration Successfully"
time="2023-06-06T19:02:55+07:00" level=info msg="start listen and serve at localhost: 5001"
time="2023-06-06T19:04:19+07:00" level=error msg="ERROR: column \"customerid\" does not exist (SQLSTATE 42703)"
time="2023-06-06T19:08:45+07:00" level=info msg="Set Up Log Started"
time="2023-06-06T19:08:45+07:00" level=info msg="Connection to DB Successfully"
time="2023-06-06T19:08:45+07:00" level=info msg="Auto Migration Successfully"
time="2023-06-06T19:08:45+07:00" level=info msg="start listen and serve at localhost: 5001"
time="2023-06-06T19:08:51+07:00" level=error msg="ERROR: column \"customerid\" does not exist (SQLSTATE 42703)"
time="2023-06-06T19:13:34+07:00" level=info msg="Set Up Log Started"
time="2023-06-06T19:13:34+07:00" level=info msg="Connection to DB Successfully"
time="2023-06-06T19:13:34+07:00" level=info msg="Auto Migration Successfully"
time="2023-06-06T19:13:34+07:00" level=info msg="start listen and serve at localhost: 5001"
time="2023-06-06T19:13:37+07:00" level=error msg="ERROR: column \"customerid\" does not exist (SQLSTATE 42703)"
time="2023-06-06T19:15:04+07:00" level=info msg="Set Up Log Started"
time="2023-06-06T19:15:04+07:00" level=info msg="Connection to DB Successfully"
time="2023-06-06T19:15:04+07:00" level=info msg="Auto Migration Successfully"
time="2023-06-06T19:15:04+07:00" level=info msg="start listen and serve at localhost: 5001"
time="2023-06-06T19:15:06+07:00" level=error msg="ERROR: column \"customerid\" does not exist (SQLSTATE 42703)"
time="2023-06-06T19:15:39+07:00" level=info msg="Set Up Log Started"
time="2023-06-06T19:15:39+07:00" level=info msg="Connection to DB Successfully"
time="2023-06-06T19:15:39+07:00" level=info msg="Auto Migration Successfully"
time="2023-06-06T19:15:39+07:00" level=info msg="start listen and serve at localhost: 5001"
time="2023-06-06T19:15:42+07:00" level=error msg="ERROR: column \"customerid\" does not exist (SQLSTATE 42703)"
time="2023-06-06T19:17:02+07:00" level=info msg="Set Up Log Started"
time="2023-06-06T19:17:02+07:00" level=info msg="Connection to DB Successfully"
time="2023-06-06T19:17:02+07:00" level=info msg="Auto Migration Successfully"
time="2023-06-06T19:17:02+07:00" level=info msg="start listen and serve at localhost: 5001"
time="2023-06-06T19:17:06+07:00" level=error msg="ERROR: column \"customerid\" does not exist (SQLSTATE 42703)"
time="2023-06-06T19:18:26+07:00" level=info msg="Set Up Log Started"
time="2023-06-06T19:18:26+07:00" level=info msg="Connection to DB Successfully"
time="2023-06-06T19:18:26+07:00" level=info msg="Auto Migration Successfully"
time="2023-06-06T19:18:26+07:00" level=info msg="start listen and serve at localhost: 5001"
time="2023-06-06T19:18:29+07:00" level=error msg="ERROR: column \"customerid\" does not exist (SQLSTATE 42703)"
time="2023-06-06T19:21:43+07:00" level=info msg="Set Up Log Started"
time="2023-06-06T19:21:43+07:00" level=info msg="Connection to DB Successfully"
time="2023-06-06T19:21:43+07:00" level=info msg="Auto Migration Successfully"
time="2023-06-06T19:21:43+07:00" level=info msg="start listen and serve at localhost: 5001"
time="2023-06-06T19:21:46+07:00" level=error msg="ERROR: column \"customerid\" does not exist (SQLSTATE 42703)"
time="2023-06-06T19:23:12+07:00" level=info msg="Set Up Log Started"
time="2023-06-06T19:23:12+07:00" level=info msg="Connection to DB Successfully"
time="2023-06-06T19:23:13+07:00" level=info msg="Auto Migration Successfully"
time="2023-06-06T19:23:13+07:00" level=info msg="start listen and serve at localhost: 5001"
time="2023-06-06T19:23:14+07:00" level=error msg="ERROR: column \"customerid\" does not exist (SQLSTATE 42703)"
time="2023-06-06T19:24:05+07:00" level=info msg="Set Up Log Started"
time="2023-06-06T19:24:05+07:00" level=info msg="Connection to DB Successfully"
time="2023-06-06T19:24:05+07:00" level=info msg="Auto Migration Successfully"
time="2023-06-06T19:24:05+07:00" level=info msg="start listen and serve at localhost: 5001"
time="2023-06-06T19:24:08+07:00" level=error msg="ERROR: column \"customerid\" does not exist (SQLSTATE 42703)"
time="2023-06-06T19:25:47+07:00" level=info msg="Set Up Log Started"
time="2023-06-06T19:25:47+07:00" level=info msg="Connection to DB Successfully"
time="2023-06-06T19:25:48+07:00" level=info msg="Auto Migration Successfully"
time="2023-06-06T19:25:48+07:00" level=info msg="start listen and serve at localhost: 5001"
time="2023-06-06T19:25:51+07:00" level=error msg="ERROR: column \"customerid\" does not exist (SQLSTATE 42703)"
time="2023-06-06T19:26:22+07:00" level=info msg="Set Up Log Started"
time="2023-06-06T19:26:22+07:00" level=info msg="Connection to DB Successfully"
time="2023-06-06T19:26:22+07:00" level=info msg="Auto Migration Successfully"
time="2023-06-06T19:26:22+07:00" level=info msg="start listen and serve at localhost: 5001"
time="2023-06-06T19:26:27+07:00" level=error msg="ERROR: column \"customerid\" does not exist (SQLSTATE 42703)"
time="2023-06-06T19:32:25+07:00" level=info msg="Set Up Log Started"
time="2023-06-06T19:32:25+07:00" level=info msg="Connection to DB Successfully"
time="2023-06-06T19:32:26+07:00" level=info msg="Auto Migration Successfully"
time="2023-06-06T19:32:26+07:00" level=info msg="start listen and serve at localhost: 5001"
time="2023-06-06T19:33:24+07:00" level=info msg="Set Up Log Started"
time="2023-06-06T19:33:24+07:00" level=info msg="Connection to DB Successfully"
time="2023-06-06T19:33:25+07:00" level=info msg="Auto Migration Successfully"
time="2023-06-06T19:33:25+07:00" level=info msg="start listen and serve at localhost: 5001"
time="2023-06-06T19:33:27+07:00" level=error msg="ERROR: column users.customerId does not exist (SQLSTATE 42703)"
time="2023-06-06T19:33:54+07:00" level=info msg="Set Up Log Started"
time="2023-06-06T19:33:54+07:00" level=info msg="Connection to DB Successfully"
time="2023-06-06T19:33:54+07:00" level=info msg="Auto Migration Successfully"
time="2023-06-06T19:33:54+07:00" level=info msg="start listen and serve at localhost: 5001"
time="2023-06-06T19:33:58+07:00" level=error msg="ERROR: column \"customerid\" does not exist (SQLSTATE 42703)"
time="2023-06-06T19:34:00+07:00" level=error msg="ERROR: column \"customerid\" does not exist (SQLSTATE 42703)"
time="2023-06-06T19:39:48+07:00" level=info msg="Set Up Log Started"
time="2023-06-06T19:39:48+07:00" level=info msg="Connection to DB Successfully"
time="2023-06-06T19:39:48+07:00" level=info msg="Auto Migration Successfully"
time="2023-06-06T19:39:48+07:00" level=info msg="start listen and serve at localhost: 5001"
time="2023-06-06T19:39:51+07:00" level=error msg="ERROR: column \"customerid\" does not exist (SQLSTATE 42703)"
time="2023-06-06T19:40:10+07:00" level=info msg="Set Up Log Started"
time="2023-06-06T19:40:10+07:00" level=info msg="Connection to DB Successfully"
time="2023-06-06T19:40:10+07:00" level=info msg="Auto Migration Successfully"
time="2023-06-06T19:40:10+07:00" level=info msg="start listen and serve at localhost: 5001"
time="2023-06-06T19:40:13+07:00" level=error msg="ERROR: column \"customerid\" does not exist (SQLSTATE 42703)"
time="2023-06-06T19:42:39+07:00" level=info msg="Set Up Log Started"
time="2023-06-06T19:42:39+07:00" level=info msg="Connection to DB Successfully"
time="2023-06-06T19:42:39+07:00" level=info msg="Auto Migration Successfully"
time="2023-06-06T19:42:39+07:00" level=info msg="start listen and serve at localhost: 5001"
time="2023-06-06T19:43:55+07:00" level=error msg="ERROR: column \"customerid\" does not exist (SQLSTATE 42703)"
time="2023-06-06T19:49:37+07:00" level=info msg="Set Up Log Started"
time="2023-06-06T19:49:37+07:00" level=info msg="Connection to DB Successfully"
time="2023-06-06T19:49:37+07:00" level=info msg="Auto Migration Successfully"
time="2023-06-06T19:49:37+07:00" level=info msg="start listen and serve at localhost: 5001"
time="2023-06-06T19:49:44+07:00" level=error msg="ERROR: column \"customerid\" does not exist (SQLSTATE 42703)"
time="2023-06-06T19:54:12+07:00" level=info msg="Set Up Log Started"
time="2023-06-06T19:54:12+07:00" level=info msg="Connection to DB Successfully"
time="2023-06-06T19:54:12+07:00" level=info msg="Auto Migration Successfully"
time="2023-06-06T19:54:12+07:00" level=info msg="start listen and serve at localhost: 5001"
time="2023-06-06T19:54:25+07:00" level=error msg="ERROR: column \"customerid\" does not exist (SQLSTATE 42703)"
time="2023-06-06T19:54:45+07:00" level=error msg="ERROR: column \"customerid\" does not exist (SQLSTATE 42703)"
time="2023-06-06T20:03:15+07:00" level=info msg="Set Up Log Started"
time="2023-06-06T20:03:15+07:00" level=info msg="Connection to DB Successfully"
time="2023-06-06T20:03:15+07:00" level=info msg="Auto Migration Successfully"
time="2023-06-06T20:03:15+07:00" level=info msg="start listen and serve at localhost: 5001"
time="2023-06-06T20:08:13+07:00" level=error msg="ERROR: column \"customerid\" does not exist (SQLSTATE 42703)"
time="2023-06-06T20:28:17+07:00" level=info msg="Set Up Log Started"
time="2023-06-06T20:28:17+07:00" level=info msg="Connection to DB Successfully"
time="2023-06-06T20:28:18+07:00" level=info msg="Auto Migration Successfully"
time="2023-06-06T20:28:18+07:00" level=info msg="start listen and serve at localhost: 5001"
time="2023-06-06T20:28:30+07:00" level=error msg="ERROR: column \"customerid\" does not exist (SQLSTATE 42703)"
time="2023-06-06T20:28:52+07:00" level=info msg="Set Up Log Started"
time="2023-06-06T20:28:52+07:00" level=info msg="Connection to DB Successfully"
time="2023-06-06T20:28:53+07:00" level=info msg="Auto Migration Successfully"
time="2023-06-06T20:28:53+07:00" level=info msg="start listen and serve at localhost: 5001"
time="2023-06-06T20:31:33+07:00" level=info msg="Set Up Log Started"
time="2023-06-06T20:31:33+07:00" level=info msg="Connection to DB Successfully"
time="2023-06-06T20:31:33+07:00" level=info msg="Auto Migration Successfully"
time="2023-06-06T20:31:33+07:00" level=info msg="start listen and serve at localhost: 5001"
time="2023-06-06T20:32:46+07:00" level=info msg="Set Up Log Started"
time="2023-06-06T20:32:46+07:00" level=info msg="Connection to DB Successfully"
time="2023-06-06T20:32:46+07:00" level=info msg="Auto Migration Successfully"
time="2023-06-06T20:32:46+07:00" level=info msg="start listen and serve at localhost: 5001"
time="2023-06-06T20:40:54+07:00" level=info msg="Set Up Log Started"
time="2023-06-06T20:40:54+07:00" level=info msg="Connection to DB Successfully"
time="2023-06-06T20:40:54+07:00" level=info msg="Auto Migration Successfully"
time="2023-06-06T20:40:54+07:00" level=info msg="start listen and serve at localhost: 5001"
time="2023-06-06T20:48:54+07:00" level=info msg="Set Up Log Started"
time="2023-06-06T20:48:54+07:00" level=info msg="Connection to DB Successfully"
time="2023-06-06T20:48:54+07:00" level=info msg="Auto Migration Successfully"
time="2023-06-06T20:48:54+07:00" level=info msg="start listen and serve at localhost: 5001"
time="2023-06-06T20:50:41+07:00" level=warning msg="record not found"
time="2023-06-06T20:51:24+07:00" level=info msg="Set Up Log Started"
time="2023-06-06T20:51:24+07:00" level=info msg="Connection to DB Successfully"
time="2023-06-06T20:51:25+07:00" level=info msg="Auto Migration Successfully"
time="2023-06-06T20:51:25+07:00" level=info msg="start listen and serve at localhost: 5001"
time="2023-06-06T20:56:25+07:00" level=info msg="Set Up Log Started"
time="2023-06-06T20:56:25+07:00" level=info msg="Connection to DB Successfully"
time="2023-06-06T20:56:25+07:00" level=info msg="Auto Migration Successfully"
time="2023-06-06T20:56:25+07:00" level=info msg="start listen and serve at localhost: 5001"
time="2023-06-06T21:06:31+07:00" level=info msg="Set Up Log Started"
time="2023-06-06T21:06:31+07:00" level=info msg="Connection to DB Successfully"
time="2023-06-06T21:06:32+07:00" level=info msg="Auto Migration Successfully"
time="2023-06-06T21:06:32+07:00" level=info msg="start listen and serve at localhost: 5001"
time="2023-06-06T21:11:42+07:00" level=info msg="Set Up Log Started"
time="2023-06-06T21:11:42+07:00" level=info msg="Connection to DB Successfully"
time="2023-06-06T21:11:42+07:00" level=info msg="Auto Migration Successfully"
time="2023-06-06T21:11:42+07:00" level=info msg="start listen and serve at localhost: 5001"
time="2023-06-06T21:12:21+07:00" level=info msg="Set Up Log Started"
time="2023-06-06T21:12:21+07:00" level=info msg="Connection to DB Successfully"
time="2023-06-06T21:12:22+07:00" level=info msg="Auto Migration Successfully"
time="2023-06-06T21:12:22+07:00" level=info msg="start listen and serve at localhost: 5001"
time="2023-06-06T21:13:59+07:00" level=info msg="Set Up Log Started"
time="2023-06-06T21:14:00+07:00" level=info msg="Connection to DB Successfully"
time="2023-06-06T21:14:00+07:00" level=info msg="Auto Migration Successfully"
time="2023-06-06T21:14:00+07:00" level=info msg="start listen and serve at localhost: 5001"
time="2023-06-06T21:30:14+07:00" level=info msg="Set Up Log Started"
time="2023-06-06T21:30:14+07:00" level=info msg="Connection to DB Successfully"
time="2023-06-06T21:30:14+07:00" level=info msg="Auto Migration Successfully"
time="2023-06-06T21:30:14+07:00" level=info msg="start listen and serve at localhost: 5001"
time="2023-06-06T21:38:01+07:00" level=info msg="Set Up Log Started"
time="2023-06-06T21:38:01+07:00" level=info msg="Connection to DB Successfully"
time="2023-06-06T21:38:01+07:00" level=info msg="Auto Migration Successfully"
time="2023-06-06T21:38:01+07:00" level=info msg="start listen and serve at localhost: 5001"
time="2023-06-06T21:44:41+07:00" level=info msg="Set Up Log Started"
time="2023-06-06T21:44:41+07:00" level=info msg="Connection to DB Successfully"
time="2023-06-06T21:44:41+07:00" level=info msg="Auto Migration Successfully"
time="2023-06-06T21:44:41+07:00" level=info msg="start listen and serve at localhost: 5001"
time="2023-06-06T21:45:15+07:00" level=warning msg="record not found"
time="2023-06-06T21:55:39+07:00" level=info msg="Set Up Log Started"
time="2023-06-06T21:55:39+07:00" level=info msg="Connection to DB Successfully"
time="2023-06-06T21:55:40+07:00" level=info msg="Auto Migration Successfully"
time="2023-06-06T21:55:40+07:00" level=info msg="start listen and serve at localhost: 5001"
time="2023-06-06T21:56:46+07:00" level=info msg="Set Up Log Started"
time="2023-06-06T21:56:46+07:00" level=info msg="Connection to DB Successfully"
time="2023-06-06T21:56:46+07:00" level=info msg="Auto Migration Successfully"
time="2023-06-06T21:56:46+07:00" level=info msg="start listen and serve at localhost: 5001"
time="2023-06-06T22:08:14+07:00" level=info msg="Set Up Log Started"
time="2023-06-06T22:08:14+07:00" level=info msg="Connection to DB Successfully"
time="2023-06-06T22:08:14+07:00" level=info msg="Auto Migration Successfully"
time="2023-06-06T22:08:14+07:00" level=info msg="start listen and serve at localhost: 5001"
time="2023-06-06T22:23:49+07:00" level=info msg="Set Up Log Started"
time="2023-06-06T22:23:49+07:00" level=info msg="Connection to DB Successfully"
time="2023-06-06T22:23:49+07:00" level=info msg="Auto Migration Successfully"
time="2023-06-06T22:23:49+07:00" level=info msg="start listen and serve at localhost: 5001"
time="2023-06-06T22:27:31+07:00" level=info msg="Set Up Log Started"
time="2023-06-06T22:27:31+07:00" level=info msg="Connection to DB Successfully"
time="2023-06-06T22:27:32+07:00" level=info msg="Auto Migration Successfully"
time="2023-06-06T22:27:32+07:00" level=info msg="start listen and serve at localhost: 5001"
time="2023-06-06T22:27:43+07:00" level=error msg="ERROR: column \"customerid\" does not exist (SQLSTATE 42703)"
time="2023-06-06T22:27:52+07:00" level=error msg="ERROR: column \"customerid\" does not exist (SQLSTATE 42703)"
time="2023-06-06T22:28:25+07:00" level=info msg="Set Up Log Started"
time="2023-06-06T22:28:25+07:00" level=info msg="Connection to DB Successfully"
time="2023-06-06T22:28:25+07:00" level=info msg="Auto Migration Successfully"
time="2023-06-06T22:28:25+07:00" level=info msg="start listen and serve at localhost: 5001"
time="2023-06-06T22:28:28+07:00" level=error msg="ERROR: column \"customerid\" does not exist (SQLSTATE 42703)"
time="2023-06-06T22:29:06+07:00" level=info msg="Set Up Log Started"
time="2023-06-06T22:29:06+07:00" level=info msg="Connection to DB Successfully"
time="2023-06-06T22:29:06+07:00" level=info msg="Auto Migration Successfully"
time="2023-06-06T22:29:06+07:00" level=info msg="start listen and serve at localhost: 5001"
time="2023-06-06T22:29:08+07:00" level=error msg="ERROR: column \"customerid\" does not exist (SQLSTATE 42703)"
time="2023-06-06T22:30:28+07:00" level=info msg="Set Up Log Started"
time="2023-06-06T22:30:28+07:00" level=info msg="Connection to DB Successfully"
time="2023-06-06T22:30:28+07:00" level=info msg="Auto Migration Successfully"
time="2023-06-06T22:30:28+07:00" level=info msg="start listen and serve at localhost: 5001"
time="2023-06-06T22:31:57+07:00" level=info msg="Set Up Log Started"
time="2023-06-06T22:31:57+07:00" level=info msg="Connection to DB Successfully"
time="2023-06-06T22:31:57+07:00" level=info msg="Auto Migration Successfully"
time="2023-06-06T22:31:57+07:00" level=info msg="start listen and serve at localhost: 5001"
time="2023-06-06T22:32:33+07:00" level=info msg="Set Up Log Started"
time="2023-06-06T22:32:33+07:00" level=info msg="Connection to DB Successfully"
time="2023-06-06T22:32:33+07:00" level=info msg="Auto Migration Successfully"
time="2023-06-06T22:32:33+07:00" level=info msg="start listen and serve at localhost: 5001"
time="2023-06-06T22:34:31+07:00" level=info msg="Set Up Log Started"
time="2023-06-06T22:34:31+07:00" level=info msg="Connection to DB Successfully"
time="2023-06-06T22:34:31+07:00" level=info msg="Auto Migration Successfully"
time="2023-06-06T22:34:31+07:00" level=info msg="start listen and serve at localhost: 5001"
time="2023-06-06T22:36:36+07:00" level=info msg="Set Up Log Started"
time="2023-06-06T22:36:37+07:00" level=info msg="Connection to DB Successfully"
time="2023-06-06T22:36:37+07:00" level=info msg="Auto Migration Successfully"
time="2023-06-06T22:36:37+07:00" level=info msg="start listen and serve at localhost: 5001"
time="2023-06-06T22:40:38+07:00" level=info msg="Set Up Log Started"
time="2023-06-06T22:40:38+07:00" level=info msg="Connection to DB Successfully"
time="2023-06-06T22:40:38+07:00" level=info msg="Auto Migration Successfully"
time="2023-06-06T22:40:38+07:00" level=info msg="start listen and serve at localhost: 5001"
time="2023-06-06T22:41:02+07:00" level=info msg="Set Up Log Started"
time="2023-06-06T22:41:02+07:00" level=info msg="Connection to DB Successfully"
time="2023-06-06T22:41:02+07:00" level=info msg="Auto Migration Successfully"
time="2023-06-06T22:41:02+07:00" level=info msg="start listen and serve at localhost: 5001"
time="2023-06-06T23:38:17+07:00" level=info msg="Set Up Log Started"
time="2023-06-06T23:38:17+07:00" level=info msg="Connection to DB Successfully"
time="2023-06-06T23:38:18+07:00" level=info msg="Auto Migration Successfully"
time="2023-06-06T23:38:18+07:00" level=info msg="start listen and serve at localhost: 5001"
time="2023-06-06T23:39:06+07:00" level=info msg="Set Up Log Started"
time="2023-06-06T23:39:06+07:00" level=info msg="Connection to DB Successfully"
time="2023-06-06T23:39:06+07:00" level=info msg="Auto Migration Successfully"
time="2023-06-06T23:39:06+07:00" level=info msg="start listen and serve at localhost: 5001"
